<?xml version="1.0" encoding="UTF-8"?>
<!-- Generated by org.testng.reporters.JUnitReportReporter -->
<testsuite ignored="0" hostname="DESKTOP-T2J6VGS" failures="0" tests="2" name="com.demo.qa.testcases.SignOnpagetest" time="13.361" errors="0" timestamp="17 May 2021 18:25:57 GMT" skipped="0">
  <testcase classname="com.demo.qa.testcases.SignOnpagetest" name="logintest" time="7.793"/>
  <testcase classname="com.demo.qa.testcases.SignOnpagetest" name="signonpagetitletest" time="5.568"/>
</testsuite> <!-- com.demo.qa.testcases.SignOnpagetest -->
