<?xml version="1.0" encoding="UTF-8"?>
<!-- Generated by org.testng.reporters.JUnitReportReporter -->
<testsuite ignored="0" hostname="DESKTOP-T2J6VGS" failures="0" tests="2" name="com.demo.qa.testcases.Homepagetest" time="1.278" errors="0" timestamp="19 May 2021 16:37:27 GMT" skipped="0">
  <testcase classname="com.demo.qa.testcases.Homepagetest" name="verifyhomepagetitletest" time="0.043"/>
  <testcase classname="com.demo.qa.testcases.Homepagetest" name="verifyvacationlinktest" time="1.235"/>
</testsuite> <!-- com.demo.qa.testcases.Homepagetest -->
