<?xml version="1.0" encoding="UTF-8"?>
<!-- Generated by org.testng.reporters.JUnitReportReporter -->
<testsuite ignored="0" hostname="DESKTOP-T2J6VGS" failures="0" tests="2" name="com.demo.qa.testcases.SignOnpagetest" time="18.572" errors="0" timestamp="18 May 2021 09:55:35 GMT" skipped="0">
  <testcase classname="com.demo.qa.testcases.SignOnpagetest" name="logintest" time="11.139"/>
  <testcase classname="com.demo.qa.testcases.SignOnpagetest" name="signonpagetitletest" time="7.433"/>
</testsuite> <!-- com.demo.qa.testcases.SignOnpagetest -->
