<?xml version="1.0" encoding="UTF-8"?>
<!-- Generated by org.testng.reporters.JUnitReportReporter -->
<testsuite ignored="0" hostname="DESKTOP-T2J6VGS" failures="0" tests="1" name="TestNgsessions.LoginTest" time="4.869" errors="0" timestamp="13 May 2021 09:41:44 GMT" skipped="0">
  <testcase classname="TestNgsessions.LoginTest" name="FacebookRegistrationTest" time="4.869"/>
</testsuite> <!-- TestNgsessions.LoginTest -->
